Grammaire

    0 $accept: program $end

    1 program: STARTPRGM stmts ENDPRGM

    2 stmts: /* vide */
    3      | stmts stmt comment

    4 stmt: assignexpr
    5     | VAR ID DBPTS type

    6 comment: /* vide */
    7        | COMMENT

    8 assignexpr: assignintexpr
    9           | assignreaexpr
   10           | assignbooexpr

   11 assignintexpr: ID ASSIGNMENT INT_TYPE intexpr

   12 assignreaexpr: ID ASSIGNMENT REAL_TYPE reaexpr

   13 assignbooexpr: ID ASSIGNMENT BOOL_TYPE booexpr

   14 intexpr: intfactor
   15        | intexpr ADDOP intfactor
   16        | intexpr MINOP intfactor
   17        | MINOP intfactor

   18 intfactor: intterm
   19          | intfactor MULOP intterm
   20          | intfactor DIVOP intterm
   21          | intfactor DIV intterm
   22          | intfactor MOD intterm

   23 intterm: INT_TYPE ID
   24        | INTEGER
   25        | OPENPAR intexpr CLOSEPAR
   26        | ABS OPENPAR intexpr CLOSEPAR
   27        | POW OPENPAR intexpr COMMA intexpr CLOSEPAR
   28        | SQRT OPENPAR intexpr CLOSEPAR
   29        | EXP OPENPAR intexpr CLOSEPAR
   30        | LOG OPENPAR intexpr CLOSEPAR
   31        | LN OPENPAR intexpr CLOSEPAR
   32        | FLOOR OPENPAR intexpr CLOSEPAR
   33        | CEIL OPENPAR intexpr CLOSEPAR
   34        | COS OPENPAR intexpr CLOSEPAR
   35        | SIN OPENPAR intexpr CLOSEPAR
   36        | TAN OPENPAR intexpr CLOSEPAR

   37 reaexpr: reafactor
   38        | reaexpr ADDOP reafactor
   39        | reaexpr MINOP reafactor
   40        | MINOP reafactor

   41 reafactor: reaterm
   42          | reafactor MULOP reaterm
   43          | reafactor DIVOP reaterm
   44          | reafactor DIV reaterm
   45          | reafactor MOD reaterm

   46 reaterm: REAL_TYPE ID
   47        | number
   48        | OPENPAR reaexpr CLOSEPAR
   49        | ABS OPENPAR reaexpr CLOSEPAR
   50        | POW OPENPAR reaexpr COMMA reaexpr CLOSEPAR
   51        | SQRT OPENPAR reaexpr CLOSEPAR
   52        | EXP OPENPAR reaexpr CLOSEPAR
   53        | LOG OPENPAR reaexpr CLOSEPAR
   54        | LN OPENPAR reaexpr CLOSEPAR
   55        | FLOOR OPENPAR reaexpr CLOSEPAR
   56        | CEIL OPENPAR reaexpr CLOSEPAR
   57        | COS OPENPAR reaexpr CLOSEPAR
   58        | SIN OPENPAR reaexpr CLOSEPAR
   59        | TAN OPENPAR reaexpr CLOSEPAR

   60 number: INTEGER
   61       | REAL

   62 booexpr: boofactor
   63        | reaexpr GE reafactor
   64        | reaexpr LE reafactor
   65        | reaexpr GT reafactor
   66        | reaexpr LT reafactor
   67        | reaexpr EQ reafactor
   68        | reaexpr NE reafactor
   69        | booexpr AND boofactor
   70        | booexpr OR boofactor
   71        | NOT boofactor

   72 boofactor: booterm

   73 booterm: BOOL_TYPE ID
   74        | boolean
   75        | OPENPAR booexpr CLOSEPAR

   76 boolean: TRUE
   77        | FALSE

   78 type: INT_TYPE
   79     | REAL_TYPE
   80     | CHAR_TYPE
   81     | STRING_TYPE
   82     | BOOL_TYPE


Terminaux, suivis des règles où ils apparaissent

$end (0) 0
error (256)
ID (258) 5 11 12 13 23 46 73
TRUE (259) 76
FALSE (260) 77
REAL (261) 61
INTEGER (262) 24 60
INT_TYPE (263) 11 23 78
REAL_TYPE (264) 12 46 79
CHAR_TYPE (265) 80
STRING_TYPE (266) 81
BOOL_TYPE (267) 13 73 82
VAR (268) 5
DBPTS (269) 5
OPENPAR (270) 25 26 27 28 29 30 31 32 33 34 35 36 48 49 50 51 52 53
    54 55 56 57 58 59 75
CLOSEPAR (271) 25 26 27 28 29 30 31 32 33 34 35 36 48 49 50 51 52 53
    54 55 56 57 58 59 75
COMMA (272) 27 50
COMMENT (273) 7
STARTPRGM (274) 1
ENDPRGM (275) 1
OR (276) 70
AND (277) 69
NE (278) 68
EQ (279) 67
GT (280) 65
LT (281) 66
GE (282) 63
LE (283) 64
ASSIGNMENT (284) 11 12 13
MOD (285) 22 45
DIV (286) 21 44
DIVOP (287) 20 43
MULOP (288) 19 42
MINOP (289) 16 17 39 40
ADDOP (290) 15 38
SQRT (291) 28 51
TAN (292) 36 59
SIN (293) 35 58
COS (294) 34 57
LN (295) 31 54
LOG (296) 30 53
EXP (297) 29 52
ABS (298) 26 49
POW (299) 27 50
CEIL (300) 33 56
FLOOR (301) 32 55
NOT (302) 71


Non-terminaux, suivis des règles où ils apparaissent

$accept (48)
    à gauche: 0
program (49)
    à gauche: 1, à droite: 0
stmts (50)
    à gauche: 2 3, à droite: 1 3
stmt (51)
    à gauche: 4 5, à droite: 3
comment (52)
    à gauche: 6 7, à droite: 3
assignexpr (53)
    à gauche: 8 9 10, à droite: 4
assignintexpr (54)
    à gauche: 11, à droite: 8
assignreaexpr (55)
    à gauche: 12, à droite: 9
assignbooexpr (56)
    à gauche: 13, à droite: 10
intexpr (57)
    à gauche: 14 15 16 17, à droite: 11 15 16 25 26 27 28 29 30 31
    32 33 34 35 36
intfactor (58)
    à gauche: 18 19 20 21 22, à droite: 14 15 16 17 19 20 21 22
intterm (59)
    à gauche: 23 24 25 26 27 28 29 30 31 32 33 34 35 36, à droite:
    18 19 20 21 22
reaexpr (60)
    à gauche: 37 38 39 40, à droite: 12 38 39 48 49 50 51 52 53 54
    55 56 57 58 59 63 64 65 66 67 68
reafactor (61)
    à gauche: 41 42 43 44 45, à droite: 37 38 39 40 42 43 44 45 63
    64 65 66 67 68
reaterm (62)
    à gauche: 46 47 48 49 50 51 52 53 54 55 56 57 58 59, à droite:
    41 42 43 44 45
number (63)
    à gauche: 60 61, à droite: 47
booexpr (64)
    à gauche: 62 63 64 65 66 67 68 69 70 71, à droite: 13 69 70 75
boofactor (65)
    à gauche: 72, à droite: 62 69 70 71
booterm (66)
    à gauche: 73 74 75, à droite: 72
boolean (67)
    à gauche: 76 77, à droite: 74
type (68)
    à gauche: 78 79 80 81 82, à droite: 5


état 0

    0 $accept: . program $end

    STARTPRGM  décalage et aller à l'état 1

    program  aller à l'état 2


état 1

    1 program: STARTPRGM . stmts ENDPRGM

    $défaut  réduction par utilisation de la règle 2 (stmts)

    stmts  aller à l'état 3


état 2

    0 $accept: program . $end

    $end  décalage et aller à l'état 4


état 3

    1 program: STARTPRGM stmts . ENDPRGM
    3 stmts: stmts . stmt comment

    ID       décalage et aller à l'état 5
    VAR      décalage et aller à l'état 6
    ENDPRGM  décalage et aller à l'état 7

    stmt           aller à l'état 8
    assignexpr     aller à l'état 9
    assignintexpr  aller à l'état 10
    assignreaexpr  aller à l'état 11
    assignbooexpr  aller à l'état 12


état 4

    0 $accept: program $end .

    $défaut  accepter


état 5

   11 assignintexpr: ID . ASSIGNMENT INT_TYPE intexpr
   12 assignreaexpr: ID . ASSIGNMENT REAL_TYPE reaexpr
   13 assignbooexpr: ID . ASSIGNMENT BOOL_TYPE booexpr

    ASSIGNMENT  décalage et aller à l'état 13


état 6

    5 stmt: VAR . ID DBPTS type

    ID  décalage et aller à l'état 14


état 7

    1 program: STARTPRGM stmts ENDPRGM .

    $défaut  réduction par utilisation de la règle 1 (program)


état 8

    3 stmts: stmts stmt . comment

    COMMENT  décalage et aller à l'état 15

    $défaut  réduction par utilisation de la règle 6 (comment)

    comment  aller à l'état 16


état 9

    4 stmt: assignexpr .

    $défaut  réduction par utilisation de la règle 4 (stmt)


état 10

    8 assignexpr: assignintexpr .

    $défaut  réduction par utilisation de la règle 8 (assignexpr)


état 11

    9 assignexpr: assignreaexpr .

    $défaut  réduction par utilisation de la règle 9 (assignexpr)


état 12

   10 assignexpr: assignbooexpr .

    $défaut  réduction par utilisation de la règle 10 (assignexpr)


état 13

   11 assignintexpr: ID ASSIGNMENT . INT_TYPE intexpr
   12 assignreaexpr: ID ASSIGNMENT . REAL_TYPE reaexpr
   13 assignbooexpr: ID ASSIGNMENT . BOOL_TYPE booexpr

    INT_TYPE   décalage et aller à l'état 17
    REAL_TYPE  décalage et aller à l'état 18
    BOOL_TYPE  décalage et aller à l'état 19


état 14

    5 stmt: VAR ID . DBPTS type

    DBPTS  décalage et aller à l'état 20


état 15

    7 comment: COMMENT .

    $défaut  réduction par utilisation de la règle 7 (comment)


état 16

    3 stmts: stmts stmt comment .

    $défaut  réduction par utilisation de la règle 3 (stmts)


état 17

   11 assignintexpr: ID ASSIGNMENT INT_TYPE . intexpr

    INTEGER   décalage et aller à l'état 21
    INT_TYPE  décalage et aller à l'état 22
    OPENPAR   décalage et aller à l'état 23
    MINOP     décalage et aller à l'état 24
    SQRT      décalage et aller à l'état 25
    TAN       décalage et aller à l'état 26
    SIN       décalage et aller à l'état 27
    COS       décalage et aller à l'état 28
    LN        décalage et aller à l'état 29
    LOG       décalage et aller à l'état 30
    EXP       décalage et aller à l'état 31
    ABS       décalage et aller à l'état 32
    POW       décalage et aller à l'état 33
    CEIL      décalage et aller à l'état 34
    FLOOR     décalage et aller à l'état 35

    intexpr    aller à l'état 36
    intfactor  aller à l'état 37
    intterm    aller à l'état 38


état 18

   12 assignreaexpr: ID ASSIGNMENT REAL_TYPE . reaexpr

    REAL       décalage et aller à l'état 39
    INTEGER    décalage et aller à l'état 40
    REAL_TYPE  décalage et aller à l'état 41
    OPENPAR    décalage et aller à l'état 42
    MINOP      décalage et aller à l'état 43
    SQRT       décalage et aller à l'état 44
    TAN        décalage et aller à l'état 45
    SIN        décalage et aller à l'état 46
    COS        décalage et aller à l'état 47
    LN         décalage et aller à l'état 48
    LOG        décalage et aller à l'état 49
    EXP        décalage et aller à l'état 50
    ABS        décalage et aller à l'état 51
    POW        décalage et aller à l'état 52
    CEIL       décalage et aller à l'état 53
    FLOOR      décalage et aller à l'état 54

    reaexpr    aller à l'état 55
    reafactor  aller à l'état 56
    reaterm    aller à l'état 57
    number     aller à l'état 58


état 19

   13 assignbooexpr: ID ASSIGNMENT BOOL_TYPE . booexpr

    TRUE       décalage et aller à l'état 59
    FALSE      décalage et aller à l'état 60
    REAL       décalage et aller à l'état 39
    INTEGER    décalage et aller à l'état 40
    REAL_TYPE  décalage et aller à l'état 41
    BOOL_TYPE  décalage et aller à l'état 61
    OPENPAR    décalage et aller à l'état 62
    MINOP      décalage et aller à l'état 43
    SQRT       décalage et aller à l'état 44
    TAN        décalage et aller à l'état 45
    SIN        décalage et aller à l'état 46
    COS        décalage et aller à l'état 47
    LN         décalage et aller à l'état 48
    LOG        décalage et aller à l'état 49
    EXP        décalage et aller à l'état 50
    ABS        décalage et aller à l'état 51
    POW        décalage et aller à l'état 52
    CEIL       décalage et aller à l'état 53
    FLOOR      décalage et aller à l'état 54
    NOT        décalage et aller à l'état 63

    reaexpr    aller à l'état 64
    reafactor  aller à l'état 56
    reaterm    aller à l'état 57
    number     aller à l'état 58
    booexpr    aller à l'état 65
    boofactor  aller à l'état 66
    booterm    aller à l'état 67
    boolean    aller à l'état 68


état 20

    5 stmt: VAR ID DBPTS . type

    INT_TYPE     décalage et aller à l'état 69
    REAL_TYPE    décalage et aller à l'état 70
    CHAR_TYPE    décalage et aller à l'état 71
    STRING_TYPE  décalage et aller à l'état 72
    BOOL_TYPE    décalage et aller à l'état 73

    type  aller à l'état 74


état 21

   24 intterm: INTEGER .

    $défaut  réduction par utilisation de la règle 24 (intterm)


état 22

   23 intterm: INT_TYPE . ID

    ID  décalage et aller à l'état 75


état 23

   25 intterm: OPENPAR . intexpr CLOSEPAR

    INTEGER   décalage et aller à l'état 21
    INT_TYPE  décalage et aller à l'état 22
    OPENPAR   décalage et aller à l'état 23
    MINOP     décalage et aller à l'état 24
    SQRT      décalage et aller à l'état 25
    TAN       décalage et aller à l'état 26
    SIN       décalage et aller à l'état 27
    COS       décalage et aller à l'état 28
    LN        décalage et aller à l'état 29
    LOG       décalage et aller à l'état 30
    EXP       décalage et aller à l'état 31
    ABS       décalage et aller à l'état 32
    POW       décalage et aller à l'état 33
    CEIL      décalage et aller à l'état 34
    FLOOR     décalage et aller à l'état 35

    intexpr    aller à l'état 76
    intfactor  aller à l'état 37
    intterm    aller à l'état 38


état 24

   17 intexpr: MINOP . intfactor

    INTEGER   décalage et aller à l'état 21
    INT_TYPE  décalage et aller à l'état 22
    OPENPAR   décalage et aller à l'état 23
    SQRT      décalage et aller à l'état 25
    TAN       décalage et aller à l'état 26
    SIN       décalage et aller à l'état 27
    COS       décalage et aller à l'état 28
    LN        décalage et aller à l'état 29
    LOG       décalage et aller à l'état 30
    EXP       décalage et aller à l'état 31
    ABS       décalage et aller à l'état 32
    POW       décalage et aller à l'état 33
    CEIL      décalage et aller à l'état 34
    FLOOR     décalage et aller à l'état 35

    intfactor  aller à l'état 77
    intterm    aller à l'état 38


état 25

   28 intterm: SQRT . OPENPAR intexpr CLOSEPAR

    OPENPAR  décalage et aller à l'état 78


état 26

   36 intterm: TAN . OPENPAR intexpr CLOSEPAR

    OPENPAR  décalage et aller à l'état 79


état 27

   35 intterm: SIN . OPENPAR intexpr CLOSEPAR

    OPENPAR  décalage et aller à l'état 80


état 28

   34 intterm: COS . OPENPAR intexpr CLOSEPAR

    OPENPAR  décalage et aller à l'état 81


état 29

   31 intterm: LN . OPENPAR intexpr CLOSEPAR

    OPENPAR  décalage et aller à l'état 82


état 30

   30 intterm: LOG . OPENPAR intexpr CLOSEPAR

    OPENPAR  décalage et aller à l'état 83


état 31

   29 intterm: EXP . OPENPAR intexpr CLOSEPAR

    OPENPAR  décalage et aller à l'état 84


état 32

   26 intterm: ABS . OPENPAR intexpr CLOSEPAR

    OPENPAR  décalage et aller à l'état 85


état 33

   27 intterm: POW . OPENPAR intexpr COMMA intexpr CLOSEPAR

    OPENPAR  décalage et aller à l'état 86


état 34

   33 intterm: CEIL . OPENPAR intexpr CLOSEPAR

    OPENPAR  décalage et aller à l'état 87


état 35

   32 intterm: FLOOR . OPENPAR intexpr CLOSEPAR

    OPENPAR  décalage et aller à l'état 88


état 36

   11 assignintexpr: ID ASSIGNMENT INT_TYPE intexpr .
   15 intexpr: intexpr . ADDOP intfactor
   16        | intexpr . MINOP intfactor

    MINOP  décalage et aller à l'état 89
    ADDOP  décalage et aller à l'état 90

    $défaut  réduction par utilisation de la règle 11 (assignintexpr)


état 37

   14 intexpr: intfactor .
   19 intfactor: intfactor . MULOP intterm
   20          | intfactor . DIVOP intterm
   21          | intfactor . DIV intterm
   22          | intfactor . MOD intterm

    MOD    décalage et aller à l'état 91
    DIV    décalage et aller à l'état 92
    DIVOP  décalage et aller à l'état 93
    MULOP  décalage et aller à l'état 94

    $défaut  réduction par utilisation de la règle 14 (intexpr)


état 38

   18 intfactor: intterm .

    $défaut  réduction par utilisation de la règle 18 (intfactor)


état 39

   61 number: REAL .

    $défaut  réduction par utilisation de la règle 61 (number)


état 40

   60 number: INTEGER .

    $défaut  réduction par utilisation de la règle 60 (number)


état 41

   46 reaterm: REAL_TYPE . ID

    ID  décalage et aller à l'état 95


état 42

   48 reaterm: OPENPAR . reaexpr CLOSEPAR

    REAL       décalage et aller à l'état 39
    INTEGER    décalage et aller à l'état 40
    REAL_TYPE  décalage et aller à l'état 41
    OPENPAR    décalage et aller à l'état 42
    MINOP      décalage et aller à l'état 43
    SQRT       décalage et aller à l'état 44
    TAN        décalage et aller à l'état 45
    SIN        décalage et aller à l'état 46
    COS        décalage et aller à l'état 47
    LN         décalage et aller à l'état 48
    LOG        décalage et aller à l'état 49
    EXP        décalage et aller à l'état 50
    ABS        décalage et aller à l'état 51
    POW        décalage et aller à l'état 52
    CEIL       décalage et aller à l'état 53
    FLOOR      décalage et aller à l'état 54

    reaexpr    aller à l'état 96
    reafactor  aller à l'état 56
    reaterm    aller à l'état 57
    number     aller à l'état 58


état 43

   40 reaexpr: MINOP . reafactor

    REAL       décalage et aller à l'état 39
    INTEGER    décalage et aller à l'état 40
    REAL_TYPE  décalage et aller à l'état 41
    OPENPAR    décalage et aller à l'état 42
    SQRT       décalage et aller à l'état 44
    TAN        décalage et aller à l'état 45
    SIN        décalage et aller à l'état 46
    COS        décalage et aller à l'état 47
    LN         décalage et aller à l'état 48
    LOG        décalage et aller à l'état 49
    EXP        décalage et aller à l'état 50
    ABS        décalage et aller à l'état 51
    POW        décalage et aller à l'état 52
    CEIL       décalage et aller à l'état 53
    FLOOR      décalage et aller à l'état 54

    reafactor  aller à l'état 97
    reaterm    aller à l'état 57
    number     aller à l'état 58


état 44

   51 reaterm: SQRT . OPENPAR reaexpr CLOSEPAR

    OPENPAR  décalage et aller à l'état 98


état 45

   59 reaterm: TAN . OPENPAR reaexpr CLOSEPAR

    OPENPAR  décalage et aller à l'état 99


état 46

   58 reaterm: SIN . OPENPAR reaexpr CLOSEPAR

    OPENPAR  décalage et aller à l'état 100


état 47

   57 reaterm: COS . OPENPAR reaexpr CLOSEPAR

    OPENPAR  décalage et aller à l'état 101


état 48

   54 reaterm: LN . OPENPAR reaexpr CLOSEPAR

    OPENPAR  décalage et aller à l'état 102


état 49

   53 reaterm: LOG . OPENPAR reaexpr CLOSEPAR

    OPENPAR  décalage et aller à l'état 103


état 50

   52 reaterm: EXP . OPENPAR reaexpr CLOSEPAR

    OPENPAR  décalage et aller à l'état 104


état 51

   49 reaterm: ABS . OPENPAR reaexpr CLOSEPAR

    OPENPAR  décalage et aller à l'état 105


état 52

   50 reaterm: POW . OPENPAR reaexpr COMMA reaexpr CLOSEPAR

    OPENPAR  décalage et aller à l'état 106


état 53

   56 reaterm: CEIL . OPENPAR reaexpr CLOSEPAR

    OPENPAR  décalage et aller à l'état 107


état 54

   55 reaterm: FLOOR . OPENPAR reaexpr CLOSEPAR

    OPENPAR  décalage et aller à l'état 108


état 55

   12 assignreaexpr: ID ASSIGNMENT REAL_TYPE reaexpr .
   38 reaexpr: reaexpr . ADDOP reafactor
   39        | reaexpr . MINOP reafactor

    MINOP  décalage et aller à l'état 109
    ADDOP  décalage et aller à l'état 110

    $défaut  réduction par utilisation de la règle 12 (assignreaexpr)


état 56

   37 reaexpr: reafactor .
   42 reafactor: reafactor . MULOP reaterm
   43          | reafactor . DIVOP reaterm
   44          | reafactor . DIV reaterm
   45          | reafactor . MOD reaterm

    MOD    décalage et aller à l'état 111
    DIV    décalage et aller à l'état 112
    DIVOP  décalage et aller à l'état 113
    MULOP  décalage et aller à l'état 114

    $défaut  réduction par utilisation de la règle 37 (reaexpr)


état 57

   41 reafactor: reaterm .

    $défaut  réduction par utilisation de la règle 41 (reafactor)


état 58

   47 reaterm: number .

    $défaut  réduction par utilisation de la règle 47 (reaterm)


état 59

   76 boolean: TRUE .

    $défaut  réduction par utilisation de la règle 76 (boolean)


état 60

   77 boolean: FALSE .

    $défaut  réduction par utilisation de la règle 77 (boolean)


état 61

   73 booterm: BOOL_TYPE . ID

    ID  décalage et aller à l'état 115


état 62

   48 reaterm: OPENPAR . reaexpr CLOSEPAR
   75 booterm: OPENPAR . booexpr CLOSEPAR

    TRUE       décalage et aller à l'état 59
    FALSE      décalage et aller à l'état 60
    REAL       décalage et aller à l'état 39
    INTEGER    décalage et aller à l'état 40
    REAL_TYPE  décalage et aller à l'état 41
    BOOL_TYPE  décalage et aller à l'état 61
    OPENPAR    décalage et aller à l'état 62
    MINOP      décalage et aller à l'état 43
    SQRT       décalage et aller à l'état 44
    TAN        décalage et aller à l'état 45
    SIN        décalage et aller à l'état 46
    COS        décalage et aller à l'état 47
    LN         décalage et aller à l'état 48
    LOG        décalage et aller à l'état 49
    EXP        décalage et aller à l'état 50
    ABS        décalage et aller à l'état 51
    POW        décalage et aller à l'état 52
    CEIL       décalage et aller à l'état 53
    FLOOR      décalage et aller à l'état 54
    NOT        décalage et aller à l'état 63

    reaexpr    aller à l'état 116
    reafactor  aller à l'état 56
    reaterm    aller à l'état 57
    number     aller à l'état 58
    booexpr    aller à l'état 117
    boofactor  aller à l'état 66
    booterm    aller à l'état 67
    boolean    aller à l'état 68


état 63

   71 booexpr: NOT . boofactor

    TRUE       décalage et aller à l'état 59
    FALSE      décalage et aller à l'état 60
    BOOL_TYPE  décalage et aller à l'état 61
    OPENPAR    décalage et aller à l'état 118

    boofactor  aller à l'état 119
    booterm    aller à l'état 67
    boolean    aller à l'état 68


état 64

   38 reaexpr: reaexpr . ADDOP reafactor
   39        | reaexpr . MINOP reafactor
   63 booexpr: reaexpr . GE reafactor
   64        | reaexpr . LE reafactor
   65        | reaexpr . GT reafactor
   66        | reaexpr . LT reafactor
   67        | reaexpr . EQ reafactor
   68        | reaexpr . NE reafactor

    NE     décalage et aller à l'état 120
    EQ     décalage et aller à l'état 121
    GT     décalage et aller à l'état 122
    LT     décalage et aller à l'état 123
    GE     décalage et aller à l'état 124
    LE     décalage et aller à l'état 125
    MINOP  décalage et aller à l'état 109
    ADDOP  décalage et aller à l'état 110


état 65

   13 assignbooexpr: ID ASSIGNMENT BOOL_TYPE booexpr .
   69 booexpr: booexpr . AND boofactor
   70        | booexpr . OR boofactor

    OR   décalage et aller à l'état 126
    AND  décalage et aller à l'état 127

    $défaut  réduction par utilisation de la règle 13 (assignbooexpr)


état 66

   62 booexpr: boofactor .

    $défaut  réduction par utilisation de la règle 62 (booexpr)


état 67

   72 boofactor: booterm .

    $défaut  réduction par utilisation de la règle 72 (boofactor)


état 68

   74 booterm: boolean .

    $défaut  réduction par utilisation de la règle 74 (booterm)


état 69

   78 type: INT_TYPE .

    $défaut  réduction par utilisation de la règle 78 (type)


état 70

   79 type: REAL_TYPE .

    $défaut  réduction par utilisation de la règle 79 (type)


état 71

   80 type: CHAR_TYPE .

    $défaut  réduction par utilisation de la règle 80 (type)


état 72

   81 type: STRING_TYPE .

    $défaut  réduction par utilisation de la règle 81 (type)


état 73

   82 type: BOOL_TYPE .

    $défaut  réduction par utilisation de la règle 82 (type)


état 74

    5 stmt: VAR ID DBPTS type .

    $défaut  réduction par utilisation de la règle 5 (stmt)


état 75

   23 intterm: INT_TYPE ID .

    $défaut  réduction par utilisation de la règle 23 (intterm)


état 76

   15 intexpr: intexpr . ADDOP intfactor
   16        | intexpr . MINOP intfactor
   25 intterm: OPENPAR intexpr . CLOSEPAR

    CLOSEPAR  décalage et aller à l'état 128
    MINOP     décalage et aller à l'état 89
    ADDOP     décalage et aller à l'état 90


état 77

   17 intexpr: MINOP intfactor .
   19 intfactor: intfactor . MULOP intterm
   20          | intfactor . DIVOP intterm
   21          | intfactor . DIV intterm
   22          | intfactor . MOD intterm

    MOD    décalage et aller à l'état 91
    DIV    décalage et aller à l'état 92
    DIVOP  décalage et aller à l'état 93
    MULOP  décalage et aller à l'état 94

    $défaut  réduction par utilisation de la règle 17 (intexpr)


état 78

   28 intterm: SQRT OPENPAR . intexpr CLOSEPAR

    INTEGER   décalage et aller à l'état 21
    INT_TYPE  décalage et aller à l'état 22
    OPENPAR   décalage et aller à l'état 23
    MINOP     décalage et aller à l'état 24
    SQRT      décalage et aller à l'état 25
    TAN       décalage et aller à l'état 26
    SIN       décalage et aller à l'état 27
    COS       décalage et aller à l'état 28
    LN        décalage et aller à l'état 29
    LOG       décalage et aller à l'état 30
    EXP       décalage et aller à l'état 31
    ABS       décalage et aller à l'état 32
    POW       décalage et aller à l'état 33
    CEIL      décalage et aller à l'état 34
    FLOOR     décalage et aller à l'état 35

    intexpr    aller à l'état 129
    intfactor  aller à l'état 37
    intterm    aller à l'état 38


état 79

   36 intterm: TAN OPENPAR . intexpr CLOSEPAR

    INTEGER   décalage et aller à l'état 21
    INT_TYPE  décalage et aller à l'état 22
    OPENPAR   décalage et aller à l'état 23
    MINOP     décalage et aller à l'état 24
    SQRT      décalage et aller à l'état 25
    TAN       décalage et aller à l'état 26
    SIN       décalage et aller à l'état 27
    COS       décalage et aller à l'état 28
    LN        décalage et aller à l'état 29
    LOG       décalage et aller à l'état 30
    EXP       décalage et aller à l'état 31
    ABS       décalage et aller à l'état 32
    POW       décalage et aller à l'état 33
    CEIL      décalage et aller à l'état 34
    FLOOR     décalage et aller à l'état 35

    intexpr    aller à l'état 130
    intfactor  aller à l'état 37
    intterm    aller à l'état 38


état 80

   35 intterm: SIN OPENPAR . intexpr CLOSEPAR

    INTEGER   décalage et aller à l'état 21
    INT_TYPE  décalage et aller à l'état 22
    OPENPAR   décalage et aller à l'état 23
    MINOP     décalage et aller à l'état 24
    SQRT      décalage et aller à l'état 25
    TAN       décalage et aller à l'état 26
    SIN       décalage et aller à l'état 27
    COS       décalage et aller à l'état 28
    LN        décalage et aller à l'état 29
    LOG       décalage et aller à l'état 30
    EXP       décalage et aller à l'état 31
    ABS       décalage et aller à l'état 32
    POW       décalage et aller à l'état 33
    CEIL      décalage et aller à l'état 34
    FLOOR     décalage et aller à l'état 35

    intexpr    aller à l'état 131
    intfactor  aller à l'état 37
    intterm    aller à l'état 38


état 81

   34 intterm: COS OPENPAR . intexpr CLOSEPAR

    INTEGER   décalage et aller à l'état 21
    INT_TYPE  décalage et aller à l'état 22
    OPENPAR   décalage et aller à l'état 23
    MINOP     décalage et aller à l'état 24
    SQRT      décalage et aller à l'état 25
    TAN       décalage et aller à l'état 26
    SIN       décalage et aller à l'état 27
    COS       décalage et aller à l'état 28
    LN        décalage et aller à l'état 29
    LOG       décalage et aller à l'état 30
    EXP       décalage et aller à l'état 31
    ABS       décalage et aller à l'état 32
    POW       décalage et aller à l'état 33
    CEIL      décalage et aller à l'état 34
    FLOOR     décalage et aller à l'état 35

    intexpr    aller à l'état 132
    intfactor  aller à l'état 37
    intterm    aller à l'état 38


état 82

   31 intterm: LN OPENPAR . intexpr CLOSEPAR

    INTEGER   décalage et aller à l'état 21
    INT_TYPE  décalage et aller à l'état 22
    OPENPAR   décalage et aller à l'état 23
    MINOP     décalage et aller à l'état 24
    SQRT      décalage et aller à l'état 25
    TAN       décalage et aller à l'état 26
    SIN       décalage et aller à l'état 27
    COS       décalage et aller à l'état 28
    LN        décalage et aller à l'état 29
    LOG       décalage et aller à l'état 30
    EXP       décalage et aller à l'état 31
    ABS       décalage et aller à l'état 32
    POW       décalage et aller à l'état 33
    CEIL      décalage et aller à l'état 34
    FLOOR     décalage et aller à l'état 35

    intexpr    aller à l'état 133
    intfactor  aller à l'état 37
    intterm    aller à l'état 38


état 83

   30 intterm: LOG OPENPAR . intexpr CLOSEPAR

    INTEGER   décalage et aller à l'état 21
    INT_TYPE  décalage et aller à l'état 22
    OPENPAR   décalage et aller à l'état 23
    MINOP     décalage et aller à l'état 24
    SQRT      décalage et aller à l'état 25
    TAN       décalage et aller à l'état 26
    SIN       décalage et aller à l'état 27
    COS       décalage et aller à l'état 28
    LN        décalage et aller à l'état 29
    LOG       décalage et aller à l'état 30
    EXP       décalage et aller à l'état 31
    ABS       décalage et aller à l'état 32
    POW       décalage et aller à l'état 33
    CEIL      décalage et aller à l'état 34
    FLOOR     décalage et aller à l'état 35

    intexpr    aller à l'état 134
    intfactor  aller à l'état 37
    intterm    aller à l'état 38


état 84

   29 intterm: EXP OPENPAR . intexpr CLOSEPAR

    INTEGER   décalage et aller à l'état 21
    INT_TYPE  décalage et aller à l'état 22
    OPENPAR   décalage et aller à l'état 23
    MINOP     décalage et aller à l'état 24
    SQRT      décalage et aller à l'état 25
    TAN       décalage et aller à l'état 26
    SIN       décalage et aller à l'état 27
    COS       décalage et aller à l'état 28
    LN        décalage et aller à l'état 29
    LOG       décalage et aller à l'état 30
    EXP       décalage et aller à l'état 31
    ABS       décalage et aller à l'état 32
    POW       décalage et aller à l'état 33
    CEIL      décalage et aller à l'état 34
    FLOOR     décalage et aller à l'état 35

    intexpr    aller à l'état 135
    intfactor  aller à l'état 37
    intterm    aller à l'état 38


état 85

   26 intterm: ABS OPENPAR . intexpr CLOSEPAR

    INTEGER   décalage et aller à l'état 21
    INT_TYPE  décalage et aller à l'état 22
    OPENPAR   décalage et aller à l'état 23
    MINOP     décalage et aller à l'état 24
    SQRT      décalage et aller à l'état 25
    TAN       décalage et aller à l'état 26
    SIN       décalage et aller à l'état 27
    COS       décalage et aller à l'état 28
    LN        décalage et aller à l'état 29
    LOG       décalage et aller à l'état 30
    EXP       décalage et aller à l'état 31
    ABS       décalage et aller à l'état 32
    POW       décalage et aller à l'état 33
    CEIL      décalage et aller à l'état 34
    FLOOR     décalage et aller à l'état 35

    intexpr    aller à l'état 136
    intfactor  aller à l'état 37
    intterm    aller à l'état 38


état 86

   27 intterm: POW OPENPAR . intexpr COMMA intexpr CLOSEPAR

    INTEGER   décalage et aller à l'état 21
    INT_TYPE  décalage et aller à l'état 22
    OPENPAR   décalage et aller à l'état 23
    MINOP     décalage et aller à l'état 24
    SQRT      décalage et aller à l'état 25
    TAN       décalage et aller à l'état 26
    SIN       décalage et aller à l'état 27
    COS       décalage et aller à l'état 28
    LN        décalage et aller à l'état 29
    LOG       décalage et aller à l'état 30
    EXP       décalage et aller à l'état 31
    ABS       décalage et aller à l'état 32
    POW       décalage et aller à l'état 33
    CEIL      décalage et aller à l'état 34
    FLOOR     décalage et aller à l'état 35

    intexpr    aller à l'état 137
    intfactor  aller à l'état 37
    intterm    aller à l'état 38


état 87

   33 intterm: CEIL OPENPAR . intexpr CLOSEPAR

    INTEGER   décalage et aller à l'état 21
    INT_TYPE  décalage et aller à l'état 22
    OPENPAR   décalage et aller à l'état 23
    MINOP     décalage et aller à l'état 24
    SQRT      décalage et aller à l'état 25
    TAN       décalage et aller à l'état 26
    SIN       décalage et aller à l'état 27
    COS       décalage et aller à l'état 28
    LN        décalage et aller à l'état 29
    LOG       décalage et aller à l'état 30
    EXP       décalage et aller à l'état 31
    ABS       décalage et aller à l'état 32
    POW       décalage et aller à l'état 33
    CEIL      décalage et aller à l'état 34
    FLOOR     décalage et aller à l'état 35

    intexpr    aller à l'état 138
    intfactor  aller à l'état 37
    intterm    aller à l'état 38


état 88

   32 intterm: FLOOR OPENPAR . intexpr CLOSEPAR

    INTEGER   décalage et aller à l'état 21
    INT_TYPE  décalage et aller à l'état 22
    OPENPAR   décalage et aller à l'état 23
    MINOP     décalage et aller à l'état 24
    SQRT      décalage et aller à l'état 25
    TAN       décalage et aller à l'état 26
    SIN       décalage et aller à l'état 27
    COS       décalage et aller à l'état 28
    LN        décalage et aller à l'état 29
    LOG       décalage et aller à l'état 30
    EXP       décalage et aller à l'état 31
    ABS       décalage et aller à l'état 32
    POW       décalage et aller à l'état 33
    CEIL      décalage et aller à l'état 34
    FLOOR     décalage et aller à l'état 35

    intexpr    aller à l'état 139
    intfactor  aller à l'état 37
    intterm    aller à l'état 38


état 89

   16 intexpr: intexpr MINOP . intfactor

    INTEGER   décalage et aller à l'état 21
    INT_TYPE  décalage et aller à l'état 22
    OPENPAR   décalage et aller à l'état 23
    SQRT      décalage et aller à l'état 25
    TAN       décalage et aller à l'état 26
    SIN       décalage et aller à l'état 27
    COS       décalage et aller à l'état 28
    LN        décalage et aller à l'état 29
    LOG       décalage et aller à l'état 30
    EXP       décalage et aller à l'état 31
    ABS       décalage et aller à l'état 32
    POW       décalage et aller à l'état 33
    CEIL      décalage et aller à l'état 34
    FLOOR     décalage et aller à l'état 35

    intfactor  aller à l'état 140
    intterm    aller à l'état 38


état 90

   15 intexpr: intexpr ADDOP . intfactor

    INTEGER   décalage et aller à l'état 21
    INT_TYPE  décalage et aller à l'état 22
    OPENPAR   décalage et aller à l'état 23
    SQRT      décalage et aller à l'état 25
    TAN       décalage et aller à l'état 26
    SIN       décalage et aller à l'état 27
    COS       décalage et aller à l'état 28
    LN        décalage et aller à l'état 29
    LOG       décalage et aller à l'état 30
    EXP       décalage et aller à l'état 31
    ABS       décalage et aller à l'état 32
    POW       décalage et aller à l'état 33
    CEIL      décalage et aller à l'état 34
    FLOOR     décalage et aller à l'état 35

    intfactor  aller à l'état 141
    intterm    aller à l'état 38


état 91

   22 intfactor: intfactor MOD . intterm

    INTEGER   décalage et aller à l'état 21
    INT_TYPE  décalage et aller à l'état 22
    OPENPAR   décalage et aller à l'état 23
    SQRT      décalage et aller à l'état 25
    TAN       décalage et aller à l'état 26
    SIN       décalage et aller à l'état 27
    COS       décalage et aller à l'état 28
    LN        décalage et aller à l'état 29
    LOG       décalage et aller à l'état 30
    EXP       décalage et aller à l'état 31
    ABS       décalage et aller à l'état 32
    POW       décalage et aller à l'état 33
    CEIL      décalage et aller à l'état 34
    FLOOR     décalage et aller à l'état 35

    intterm  aller à l'état 142


état 92

   21 intfactor: intfactor DIV . intterm

    INTEGER   décalage et aller à l'état 21
    INT_TYPE  décalage et aller à l'état 22
    OPENPAR   décalage et aller à l'état 23
    SQRT      décalage et aller à l'état 25
    TAN       décalage et aller à l'état 26
    SIN       décalage et aller à l'état 27
    COS       décalage et aller à l'état 28
    LN        décalage et aller à l'état 29
    LOG       décalage et aller à l'état 30
    EXP       décalage et aller à l'état 31
    ABS       décalage et aller à l'état 32
    POW       décalage et aller à l'état 33
    CEIL      décalage et aller à l'état 34
    FLOOR     décalage et aller à l'état 35

    intterm  aller à l'état 143


état 93

   20 intfactor: intfactor DIVOP . intterm

    INTEGER   décalage et aller à l'état 21
    INT_TYPE  décalage et aller à l'état 22
    OPENPAR   décalage et aller à l'état 23
    SQRT      décalage et aller à l'état 25
    TAN       décalage et aller à l'état 26
    SIN       décalage et aller à l'état 27
    COS       décalage et aller à l'état 28
    LN        décalage et aller à l'état 29
    LOG       décalage et aller à l'état 30
    EXP       décalage et aller à l'état 31
    ABS       décalage et aller à l'état 32
    POW       décalage et aller à l'état 33
    CEIL      décalage et aller à l'état 34
    FLOOR     décalage et aller à l'état 35

    intterm  aller à l'état 144


état 94

   19 intfactor: intfactor MULOP . intterm

    INTEGER   décalage et aller à l'état 21
    INT_TYPE  décalage et aller à l'état 22
    OPENPAR   décalage et aller à l'état 23
    SQRT      décalage et aller à l'état 25
    TAN       décalage et aller à l'état 26
    SIN       décalage et aller à l'état 27
    COS       décalage et aller à l'état 28
    LN        décalage et aller à l'état 29
    LOG       décalage et aller à l'état 30
    EXP       décalage et aller à l'état 31
    ABS       décalage et aller à l'état 32
    POW       décalage et aller à l'état 33
    CEIL      décalage et aller à l'état 34
    FLOOR     décalage et aller à l'état 35

    intterm  aller à l'état 145


état 95

   46 reaterm: REAL_TYPE ID .

    $défaut  réduction par utilisation de la règle 46 (reaterm)


état 96

   38 reaexpr: reaexpr . ADDOP reafactor
   39        | reaexpr . MINOP reafactor
   48 reaterm: OPENPAR reaexpr . CLOSEPAR

    CLOSEPAR  décalage et aller à l'état 146
    MINOP     décalage et aller à l'état 109
    ADDOP     décalage et aller à l'état 110


état 97

   40 reaexpr: MINOP reafactor .
   42 reafactor: reafactor . MULOP reaterm
   43          | reafactor . DIVOP reaterm
   44          | reafactor . DIV reaterm
   45          | reafactor . MOD reaterm

    MOD    décalage et aller à l'état 111
    DIV    décalage et aller à l'état 112
    DIVOP  décalage et aller à l'état 113
    MULOP  décalage et aller à l'état 114

    $défaut  réduction par utilisation de la règle 40 (reaexpr)


état 98

   51 reaterm: SQRT OPENPAR . reaexpr CLOSEPAR

    REAL       décalage et aller à l'état 39
    INTEGER    décalage et aller à l'état 40
    REAL_TYPE  décalage et aller à l'état 41
    OPENPAR    décalage et aller à l'état 42
    MINOP      décalage et aller à l'état 43
    SQRT       décalage et aller à l'état 44
    TAN        décalage et aller à l'état 45
    SIN        décalage et aller à l'état 46
    COS        décalage et aller à l'état 47
    LN         décalage et aller à l'état 48
    LOG        décalage et aller à l'état 49
    EXP        décalage et aller à l'état 50
    ABS        décalage et aller à l'état 51
    POW        décalage et aller à l'état 52
    CEIL       décalage et aller à l'état 53
    FLOOR      décalage et aller à l'état 54

    reaexpr    aller à l'état 147
    reafactor  aller à l'état 56
    reaterm    aller à l'état 57
    number     aller à l'état 58


état 99

   59 reaterm: TAN OPENPAR . reaexpr CLOSEPAR

    REAL       décalage et aller à l'état 39
    INTEGER    décalage et aller à l'état 40
    REAL_TYPE  décalage et aller à l'état 41
    OPENPAR    décalage et aller à l'état 42
    MINOP      décalage et aller à l'état 43
    SQRT       décalage et aller à l'état 44
    TAN        décalage et aller à l'état 45
    SIN        décalage et aller à l'état 46
    COS        décalage et aller à l'état 47
    LN         décalage et aller à l'état 48
    LOG        décalage et aller à l'état 49
    EXP        décalage et aller à l'état 50
    ABS        décalage et aller à l'état 51
    POW        décalage et aller à l'état 52
    CEIL       décalage et aller à l'état 53
    FLOOR      décalage et aller à l'état 54

    reaexpr    aller à l'état 148
    reafactor  aller à l'état 56
    reaterm    aller à l'état 57
    number     aller à l'état 58


état 100

   58 reaterm: SIN OPENPAR . reaexpr CLOSEPAR

    REAL       décalage et aller à l'état 39
    INTEGER    décalage et aller à l'état 40
    REAL_TYPE  décalage et aller à l'état 41
    OPENPAR    décalage et aller à l'état 42
    MINOP      décalage et aller à l'état 43
    SQRT       décalage et aller à l'état 44
    TAN        décalage et aller à l'état 45
    SIN        décalage et aller à l'état 46
    COS        décalage et aller à l'état 47
    LN         décalage et aller à l'état 48
    LOG        décalage et aller à l'état 49
    EXP        décalage et aller à l'état 50
    ABS        décalage et aller à l'état 51
    POW        décalage et aller à l'état 52
    CEIL       décalage et aller à l'état 53
    FLOOR      décalage et aller à l'état 54

    reaexpr    aller à l'état 149
    reafactor  aller à l'état 56
    reaterm    aller à l'état 57
    number     aller à l'état 58


état 101

   57 reaterm: COS OPENPAR . reaexpr CLOSEPAR

    REAL       décalage et aller à l'état 39
    INTEGER    décalage et aller à l'état 40
    REAL_TYPE  décalage et aller à l'état 41
    OPENPAR    décalage et aller à l'état 42
    MINOP      décalage et aller à l'état 43
    SQRT       décalage et aller à l'état 44
    TAN        décalage et aller à l'état 45
    SIN        décalage et aller à l'état 46
    COS        décalage et aller à l'état 47
    LN         décalage et aller à l'état 48
    LOG        décalage et aller à l'état 49
    EXP        décalage et aller à l'état 50
    ABS        décalage et aller à l'état 51
    POW        décalage et aller à l'état 52
    CEIL       décalage et aller à l'état 53
    FLOOR      décalage et aller à l'état 54

    reaexpr    aller à l'état 150
    reafactor  aller à l'état 56
    reaterm    aller à l'état 57
    number     aller à l'état 58


état 102

   54 reaterm: LN OPENPAR . reaexpr CLOSEPAR

    REAL       décalage et aller à l'état 39
    INTEGER    décalage et aller à l'état 40
    REAL_TYPE  décalage et aller à l'état 41
    OPENPAR    décalage et aller à l'état 42
    MINOP      décalage et aller à l'état 43
    SQRT       décalage et aller à l'état 44
    TAN        décalage et aller à l'état 45
    SIN        décalage et aller à l'état 46
    COS        décalage et aller à l'état 47
    LN         décalage et aller à l'état 48
    LOG        décalage et aller à l'état 49
    EXP        décalage et aller à l'état 50
    ABS        décalage et aller à l'état 51
    POW        décalage et aller à l'état 52
    CEIL       décalage et aller à l'état 53
    FLOOR      décalage et aller à l'état 54

    reaexpr    aller à l'état 151
    reafactor  aller à l'état 56
    reaterm    aller à l'état 57
    number     aller à l'état 58


état 103

   53 reaterm: LOG OPENPAR . reaexpr CLOSEPAR

    REAL       décalage et aller à l'état 39
    INTEGER    décalage et aller à l'état 40
    REAL_TYPE  décalage et aller à l'état 41
    OPENPAR    décalage et aller à l'état 42
    MINOP      décalage et aller à l'état 43
    SQRT       décalage et aller à l'état 44
    TAN        décalage et aller à l'état 45
    SIN        décalage et aller à l'état 46
    COS        décalage et aller à l'état 47
    LN         décalage et aller à l'état 48
    LOG        décalage et aller à l'état 49
    EXP        décalage et aller à l'état 50
    ABS        décalage et aller à l'état 51
    POW        décalage et aller à l'état 52
    CEIL       décalage et aller à l'état 53
    FLOOR      décalage et aller à l'état 54

    reaexpr    aller à l'état 152
    reafactor  aller à l'état 56
    reaterm    aller à l'état 57
    number     aller à l'état 58


état 104

   52 reaterm: EXP OPENPAR . reaexpr CLOSEPAR

    REAL       décalage et aller à l'état 39
    INTEGER    décalage et aller à l'état 40
    REAL_TYPE  décalage et aller à l'état 41
    OPENPAR    décalage et aller à l'état 42
    MINOP      décalage et aller à l'état 43
    SQRT       décalage et aller à l'état 44
    TAN        décalage et aller à l'état 45
    SIN        décalage et aller à l'état 46
    COS        décalage et aller à l'état 47
    LN         décalage et aller à l'état 48
    LOG        décalage et aller à l'état 49
    EXP        décalage et aller à l'état 50
    ABS        décalage et aller à l'état 51
    POW        décalage et aller à l'état 52
    CEIL       décalage et aller à l'état 53
    FLOOR      décalage et aller à l'état 54

    reaexpr    aller à l'état 153
    reafactor  aller à l'état 56
    reaterm    aller à l'état 57
    number     aller à l'état 58


état 105

   49 reaterm: ABS OPENPAR . reaexpr CLOSEPAR

    REAL       décalage et aller à l'état 39
    INTEGER    décalage et aller à l'état 40
    REAL_TYPE  décalage et aller à l'état 41
    OPENPAR    décalage et aller à l'état 42
    MINOP      décalage et aller à l'état 43
    SQRT       décalage et aller à l'état 44
    TAN        décalage et aller à l'état 45
    SIN        décalage et aller à l'état 46
    COS        décalage et aller à l'état 47
    LN         décalage et aller à l'état 48
    LOG        décalage et aller à l'état 49
    EXP        décalage et aller à l'état 50
    ABS        décalage et aller à l'état 51
    POW        décalage et aller à l'état 52
    CEIL       décalage et aller à l'état 53
    FLOOR      décalage et aller à l'état 54

    reaexpr    aller à l'état 154
    reafactor  aller à l'état 56
    reaterm    aller à l'état 57
    number     aller à l'état 58


état 106

   50 reaterm: POW OPENPAR . reaexpr COMMA reaexpr CLOSEPAR

    REAL       décalage et aller à l'état 39
    INTEGER    décalage et aller à l'état 40
    REAL_TYPE  décalage et aller à l'état 41
    OPENPAR    décalage et aller à l'état 42
    MINOP      décalage et aller à l'état 43
    SQRT       décalage et aller à l'état 44
    TAN        décalage et aller à l'état 45
    SIN        décalage et aller à l'état 46
    COS        décalage et aller à l'état 47
    LN         décalage et aller à l'état 48
    LOG        décalage et aller à l'état 49
    EXP        décalage et aller à l'état 50
    ABS        décalage et aller à l'état 51
    POW        décalage et aller à l'état 52
    CEIL       décalage et aller à l'état 53
    FLOOR      décalage et aller à l'état 54

    reaexpr    aller à l'état 155
    reafactor  aller à l'état 56
    reaterm    aller à l'état 57
    number     aller à l'état 58


état 107

   56 reaterm: CEIL OPENPAR . reaexpr CLOSEPAR

    REAL       décalage et aller à l'état 39
    INTEGER    décalage et aller à l'état 40
    REAL_TYPE  décalage et aller à l'état 41
    OPENPAR    décalage et aller à l'état 42
    MINOP      décalage et aller à l'état 43
    SQRT       décalage et aller à l'état 44
    TAN        décalage et aller à l'état 45
    SIN        décalage et aller à l'état 46
    COS        décalage et aller à l'état 47
    LN         décalage et aller à l'état 48
    LOG        décalage et aller à l'état 49
    EXP        décalage et aller à l'état 50
    ABS        décalage et aller à l'état 51
    POW        décalage et aller à l'état 52
    CEIL       décalage et aller à l'état 53
    FLOOR      décalage et aller à l'état 54

    reaexpr    aller à l'état 156
    reafactor  aller à l'état 56
    reaterm    aller à l'état 57
    number     aller à l'état 58


état 108

   55 reaterm: FLOOR OPENPAR . reaexpr CLOSEPAR

    REAL       décalage et aller à l'état 39
    INTEGER    décalage et aller à l'état 40
    REAL_TYPE  décalage et aller à l'état 41
    OPENPAR    décalage et aller à l'état 42
    MINOP      décalage et aller à l'état 43
    SQRT       décalage et aller à l'état 44
    TAN        décalage et aller à l'état 45
    SIN        décalage et aller à l'état 46
    COS        décalage et aller à l'état 47
    LN         décalage et aller à l'état 48
    LOG        décalage et aller à l'état 49
    EXP        décalage et aller à l'état 50
    ABS        décalage et aller à l'état 51
    POW        décalage et aller à l'état 52
    CEIL       décalage et aller à l'état 53
    FLOOR      décalage et aller à l'état 54

    reaexpr    aller à l'état 157
    reafactor  aller à l'état 56
    reaterm    aller à l'état 57
    number     aller à l'état 58


état 109

   39 reaexpr: reaexpr MINOP . reafactor

    REAL       décalage et aller à l'état 39
    INTEGER    décalage et aller à l'état 40
    REAL_TYPE  décalage et aller à l'état 41
    OPENPAR    décalage et aller à l'état 42
    SQRT       décalage et aller à l'état 44
    TAN        décalage et aller à l'état 45
    SIN        décalage et aller à l'état 46
    COS        décalage et aller à l'état 47
    LN         décalage et aller à l'état 48
    LOG        décalage et aller à l'état 49
    EXP        décalage et aller à l'état 50
    ABS        décalage et aller à l'état 51
    POW        décalage et aller à l'état 52
    CEIL       décalage et aller à l'état 53
    FLOOR      décalage et aller à l'état 54

    reafactor  aller à l'état 158
    reaterm    aller à l'état 57
    number     aller à l'état 58


état 110

   38 reaexpr: reaexpr ADDOP . reafactor

    REAL       décalage et aller à l'état 39
    INTEGER    décalage et aller à l'état 40
    REAL_TYPE  décalage et aller à l'état 41
    OPENPAR    décalage et aller à l'état 42
    SQRT       décalage et aller à l'état 44
    TAN        décalage et aller à l'état 45
    SIN        décalage et aller à l'état 46
    COS        décalage et aller à l'état 47
    LN         décalage et aller à l'état 48
    LOG        décalage et aller à l'état 49
    EXP        décalage et aller à l'état 50
    ABS        décalage et aller à l'état 51
    POW        décalage et aller à l'état 52
    CEIL       décalage et aller à l'état 53
    FLOOR      décalage et aller à l'état 54

    reafactor  aller à l'état 159
    reaterm    aller à l'état 57
    number     aller à l'état 58


état 111

   45 reafactor: reafactor MOD . reaterm

    REAL       décalage et aller à l'état 39
    INTEGER    décalage et aller à l'état 40
    REAL_TYPE  décalage et aller à l'état 41
    OPENPAR    décalage et aller à l'état 42
    SQRT       décalage et aller à l'état 44
    TAN        décalage et aller à l'état 45
    SIN        décalage et aller à l'état 46
    COS        décalage et aller à l'état 47
    LN         décalage et aller à l'état 48
    LOG        décalage et aller à l'état 49
    EXP        décalage et aller à l'état 50
    ABS        décalage et aller à l'état 51
    POW        décalage et aller à l'état 52
    CEIL       décalage et aller à l'état 53
    FLOOR      décalage et aller à l'état 54

    reaterm  aller à l'état 160
    number   aller à l'état 58


état 112

   44 reafactor: reafactor DIV . reaterm

    REAL       décalage et aller à l'état 39
    INTEGER    décalage et aller à l'état 40
    REAL_TYPE  décalage et aller à l'état 41
    OPENPAR    décalage et aller à l'état 42
    SQRT       décalage et aller à l'état 44
    TAN        décalage et aller à l'état 45
    SIN        décalage et aller à l'état 46
    COS        décalage et aller à l'état 47
    LN         décalage et aller à l'état 48
    LOG        décalage et aller à l'état 49
    EXP        décalage et aller à l'état 50
    ABS        décalage et aller à l'état 51
    POW        décalage et aller à l'état 52
    CEIL       décalage et aller à l'état 53
    FLOOR      décalage et aller à l'état 54

    reaterm  aller à l'état 161
    number   aller à l'état 58


état 113

   43 reafactor: reafactor DIVOP . reaterm

    REAL       décalage et aller à l'état 39
    INTEGER    décalage et aller à l'état 40
    REAL_TYPE  décalage et aller à l'état 41
    OPENPAR    décalage et aller à l'état 42
    SQRT       décalage et aller à l'état 44
    TAN        décalage et aller à l'état 45
    SIN        décalage et aller à l'état 46
    COS        décalage et aller à l'état 47
    LN         décalage et aller à l'état 48
    LOG        décalage et aller à l'état 49
    EXP        décalage et aller à l'état 50
    ABS        décalage et aller à l'état 51
    POW        décalage et aller à l'état 52
    CEIL       décalage et aller à l'état 53
    FLOOR      décalage et aller à l'état 54

    reaterm  aller à l'état 162
    number   aller à l'état 58


état 114

   42 reafactor: reafactor MULOP . reaterm

    REAL       décalage et aller à l'état 39
    INTEGER    décalage et aller à l'état 40
    REAL_TYPE  décalage et aller à l'état 41
    OPENPAR    décalage et aller à l'état 42
    SQRT       décalage et aller à l'état 44
    TAN        décalage et aller à l'état 45
    SIN        décalage et aller à l'état 46
    COS        décalage et aller à l'état 47
    LN         décalage et aller à l'état 48
    LOG        décalage et aller à l'état 49
    EXP        décalage et aller à l'état 50
    ABS        décalage et aller à l'état 51
    POW        décalage et aller à l'état 52
    CEIL       décalage et aller à l'état 53
    FLOOR      décalage et aller à l'état 54

    reaterm  aller à l'état 163
    number   aller à l'état 58


état 115

   73 booterm: BOOL_TYPE ID .

    $défaut  réduction par utilisation de la règle 73 (booterm)


état 116

   38 reaexpr: reaexpr . ADDOP reafactor
   39        | reaexpr . MINOP reafactor
   48 reaterm: OPENPAR reaexpr . CLOSEPAR
   63 booexpr: reaexpr . GE reafactor
   64        | reaexpr . LE reafactor
   65        | reaexpr . GT reafactor
   66        | reaexpr . LT reafactor
   67        | reaexpr . EQ reafactor
   68        | reaexpr . NE reafactor

    CLOSEPAR  décalage et aller à l'état 146
    NE        décalage et aller à l'état 120
    EQ        décalage et aller à l'état 121
    GT        décalage et aller à l'état 122
    LT        décalage et aller à l'état 123
    GE        décalage et aller à l'état 124
    LE        décalage et aller à l'état 125
    MINOP     décalage et aller à l'état 109
    ADDOP     décalage et aller à l'état 110


état 117

   69 booexpr: booexpr . AND boofactor
   70        | booexpr . OR boofactor
   75 booterm: OPENPAR booexpr . CLOSEPAR

    CLOSEPAR  décalage et aller à l'état 164
    OR        décalage et aller à l'état 126
    AND       décalage et aller à l'état 127


état 118

   75 booterm: OPENPAR . booexpr CLOSEPAR

    TRUE       décalage et aller à l'état 59
    FALSE      décalage et aller à l'état 60
    REAL       décalage et aller à l'état 39
    INTEGER    décalage et aller à l'état 40
    REAL_TYPE  décalage et aller à l'état 41
    BOOL_TYPE  décalage et aller à l'état 61
    OPENPAR    décalage et aller à l'état 62
    MINOP      décalage et aller à l'état 43
    SQRT       décalage et aller à l'état 44
    TAN        décalage et aller à l'état 45
    SIN        décalage et aller à l'état 46
    COS        décalage et aller à l'état 47
    LN         décalage et aller à l'état 48
    LOG        décalage et aller à l'état 49
    EXP        décalage et aller à l'état 50
    ABS        décalage et aller à l'état 51
    POW        décalage et aller à l'état 52
    CEIL       décalage et aller à l'état 53
    FLOOR      décalage et aller à l'état 54
    NOT        décalage et aller à l'état 63

    reaexpr    aller à l'état 64
    reafactor  aller à l'état 56
    reaterm    aller à l'état 57
    number     aller à l'état 58
    booexpr    aller à l'état 117
    boofactor  aller à l'état 66
    booterm    aller à l'état 67
    boolean    aller à l'état 68


état 119

   71 booexpr: NOT boofactor .

    $défaut  réduction par utilisation de la règle 71 (booexpr)


état 120

   68 booexpr: reaexpr NE . reafactor

    REAL       décalage et aller à l'état 39
    INTEGER    décalage et aller à l'état 40
    REAL_TYPE  décalage et aller à l'état 41
    OPENPAR    décalage et aller à l'état 42
    SQRT       décalage et aller à l'état 44
    TAN        décalage et aller à l'état 45
    SIN        décalage et aller à l'état 46
    COS        décalage et aller à l'état 47
    LN         décalage et aller à l'état 48
    LOG        décalage et aller à l'état 49
    EXP        décalage et aller à l'état 50
    ABS        décalage et aller à l'état 51
    POW        décalage et aller à l'état 52
    CEIL       décalage et aller à l'état 53
    FLOOR      décalage et aller à l'état 54

    reafactor  aller à l'état 165
    reaterm    aller à l'état 57
    number     aller à l'état 58


état 121

   67 booexpr: reaexpr EQ . reafactor

    REAL       décalage et aller à l'état 39
    INTEGER    décalage et aller à l'état 40
    REAL_TYPE  décalage et aller à l'état 41
    OPENPAR    décalage et aller à l'état 42
    SQRT       décalage et aller à l'état 44
    TAN        décalage et aller à l'état 45
    SIN        décalage et aller à l'état 46
    COS        décalage et aller à l'état 47
    LN         décalage et aller à l'état 48
    LOG        décalage et aller à l'état 49
    EXP        décalage et aller à l'état 50
    ABS        décalage et aller à l'état 51
    POW        décalage et aller à l'état 52
    CEIL       décalage et aller à l'état 53
    FLOOR      décalage et aller à l'état 54

    reafactor  aller à l'état 166
    reaterm    aller à l'état 57
    number     aller à l'état 58


état 122

   65 booexpr: reaexpr GT . reafactor

    REAL       décalage et aller à l'état 39
    INTEGER    décalage et aller à l'état 40
    REAL_TYPE  décalage et aller à l'état 41
    OPENPAR    décalage et aller à l'état 42
    SQRT       décalage et aller à l'état 44
    TAN        décalage et aller à l'état 45
    SIN        décalage et aller à l'état 46
    COS        décalage et aller à l'état 47
    LN         décalage et aller à l'état 48
    LOG        décalage et aller à l'état 49
    EXP        décalage et aller à l'état 50
    ABS        décalage et aller à l'état 51
    POW        décalage et aller à l'état 52
    CEIL       décalage et aller à l'état 53
    FLOOR      décalage et aller à l'état 54

    reafactor  aller à l'état 167
    reaterm    aller à l'état 57
    number     aller à l'état 58


état 123

   66 booexpr: reaexpr LT . reafactor

    REAL       décalage et aller à l'état 39
    INTEGER    décalage et aller à l'état 40
    REAL_TYPE  décalage et aller à l'état 41
    OPENPAR    décalage et aller à l'état 42
    SQRT       décalage et aller à l'état 44
    TAN        décalage et aller à l'état 45
    SIN        décalage et aller à l'état 46
    COS        décalage et aller à l'état 47
    LN         décalage et aller à l'état 48
    LOG        décalage et aller à l'état 49
    EXP        décalage et aller à l'état 50
    ABS        décalage et aller à l'état 51
    POW        décalage et aller à l'état 52
    CEIL       décalage et aller à l'état 53
    FLOOR      décalage et aller à l'état 54

    reafactor  aller à l'état 168
    reaterm    aller à l'état 57
    number     aller à l'état 58


état 124

   63 booexpr: reaexpr GE . reafactor

    REAL       décalage et aller à l'état 39
    INTEGER    décalage et aller à l'état 40
    REAL_TYPE  décalage et aller à l'état 41
    OPENPAR    décalage et aller à l'état 42
    SQRT       décalage et aller à l'état 44
    TAN        décalage et aller à l'état 45
    SIN        décalage et aller à l'état 46
    COS        décalage et aller à l'état 47
    LN         décalage et aller à l'état 48
    LOG        décalage et aller à l'état 49
    EXP        décalage et aller à l'état 50
    ABS        décalage et aller à l'état 51
    POW        décalage et aller à l'état 52
    CEIL       décalage et aller à l'état 53
    FLOOR      décalage et aller à l'état 54

    reafactor  aller à l'état 169
    reaterm    aller à l'état 57
    number     aller à l'état 58


état 125

   64 booexpr: reaexpr LE . reafactor

    REAL       décalage et aller à l'état 39
    INTEGER    décalage et aller à l'état 40
    REAL_TYPE  décalage et aller à l'état 41
    OPENPAR    décalage et aller à l'état 42
    SQRT       décalage et aller à l'état 44
    TAN        décalage et aller à l'état 45
    SIN        décalage et aller à l'état 46
    COS        décalage et aller à l'état 47
    LN         décalage et aller à l'état 48
    LOG        décalage et aller à l'état 49
    EXP        décalage et aller à l'état 50
    ABS        décalage et aller à l'état 51
    POW        décalage et aller à l'état 52
    CEIL       décalage et aller à l'état 53
    FLOOR      décalage et aller à l'état 54

    reafactor  aller à l'état 170
    reaterm    aller à l'état 57
    number     aller à l'état 58


état 126

   70 booexpr: booexpr OR . boofactor

    TRUE       décalage et aller à l'état 59
    FALSE      décalage et aller à l'état 60
    BOOL_TYPE  décalage et aller à l'état 61
    OPENPAR    décalage et aller à l'état 118

    boofactor  aller à l'état 171
    booterm    aller à l'état 67
    boolean    aller à l'état 68


état 127

   69 booexpr: booexpr AND . boofactor

    TRUE       décalage et aller à l'état 59
    FALSE      décalage et aller à l'état 60
    BOOL_TYPE  décalage et aller à l'état 61
    OPENPAR    décalage et aller à l'état 118

    boofactor  aller à l'état 172
    booterm    aller à l'état 67
    boolean    aller à l'état 68


état 128

   25 intterm: OPENPAR intexpr CLOSEPAR .

    $défaut  réduction par utilisation de la règle 25 (intterm)


état 129

   15 intexpr: intexpr . ADDOP intfactor
   16        | intexpr . MINOP intfactor
   28 intterm: SQRT OPENPAR intexpr . CLOSEPAR

    CLOSEPAR  décalage et aller à l'état 173
    MINOP     décalage et aller à l'état 89
    ADDOP     décalage et aller à l'état 90


état 130

   15 intexpr: intexpr . ADDOP intfactor
   16        | intexpr . MINOP intfactor
   36 intterm: TAN OPENPAR intexpr . CLOSEPAR

    CLOSEPAR  décalage et aller à l'état 174
    MINOP     décalage et aller à l'état 89
    ADDOP     décalage et aller à l'état 90


état 131

   15 intexpr: intexpr . ADDOP intfactor
   16        | intexpr . MINOP intfactor
   35 intterm: SIN OPENPAR intexpr . CLOSEPAR

    CLOSEPAR  décalage et aller à l'état 175
    MINOP     décalage et aller à l'état 89
    ADDOP     décalage et aller à l'état 90


état 132

   15 intexpr: intexpr . ADDOP intfactor
   16        | intexpr . MINOP intfactor
   34 intterm: COS OPENPAR intexpr . CLOSEPAR

    CLOSEPAR  décalage et aller à l'état 176
    MINOP     décalage et aller à l'état 89
    ADDOP     décalage et aller à l'état 90


état 133

   15 intexpr: intexpr . ADDOP intfactor
   16        | intexpr . MINOP intfactor
   31 intterm: LN OPENPAR intexpr . CLOSEPAR

    CLOSEPAR  décalage et aller à l'état 177
    MINOP     décalage et aller à l'état 89
    ADDOP     décalage et aller à l'état 90


état 134

   15 intexpr: intexpr . ADDOP intfactor
   16        | intexpr . MINOP intfactor
   30 intterm: LOG OPENPAR intexpr . CLOSEPAR

    CLOSEPAR  décalage et aller à l'état 178
    MINOP     décalage et aller à l'état 89
    ADDOP     décalage et aller à l'état 90


état 135

   15 intexpr: intexpr . ADDOP intfactor
   16        | intexpr . MINOP intfactor
   29 intterm: EXP OPENPAR intexpr . CLOSEPAR

    CLOSEPAR  décalage et aller à l'état 179
    MINOP     décalage et aller à l'état 89
    ADDOP     décalage et aller à l'état 90


état 136

   15 intexpr: intexpr . ADDOP intfactor
   16        | intexpr . MINOP intfactor
   26 intterm: ABS OPENPAR intexpr . CLOSEPAR

    CLOSEPAR  décalage et aller à l'état 180
    MINOP     décalage et aller à l'état 89
    ADDOP     décalage et aller à l'état 90


état 137

   15 intexpr: intexpr . ADDOP intfactor
   16        | intexpr . MINOP intfactor
   27 intterm: POW OPENPAR intexpr . COMMA intexpr CLOSEPAR

    COMMA  décalage et aller à l'état 181
    MINOP  décalage et aller à l'état 89
    ADDOP  décalage et aller à l'état 90


état 138

   15 intexpr: intexpr . ADDOP intfactor
   16        | intexpr . MINOP intfactor
   33 intterm: CEIL OPENPAR intexpr . CLOSEPAR

    CLOSEPAR  décalage et aller à l'état 182
    MINOP     décalage et aller à l'état 89
    ADDOP     décalage et aller à l'état 90


état 139

   15 intexpr: intexpr . ADDOP intfactor
   16        | intexpr . MINOP intfactor
   32 intterm: FLOOR OPENPAR intexpr . CLOSEPAR

    CLOSEPAR  décalage et aller à l'état 183
    MINOP     décalage et aller à l'état 89
    ADDOP     décalage et aller à l'état 90


état 140

   16 intexpr: intexpr MINOP intfactor .
   19 intfactor: intfactor . MULOP intterm
   20          | intfactor . DIVOP intterm
   21          | intfactor . DIV intterm
   22          | intfactor . MOD intterm

    MOD    décalage et aller à l'état 91
    DIV    décalage et aller à l'état 92
    DIVOP  décalage et aller à l'état 93
    MULOP  décalage et aller à l'état 94

    $défaut  réduction par utilisation de la règle 16 (intexpr)


état 141

   15 intexpr: intexpr ADDOP intfactor .
   19 intfactor: intfactor . MULOP intterm
   20          | intfactor . DIVOP intterm
   21          | intfactor . DIV intterm
   22          | intfactor . MOD intterm

    MOD    décalage et aller à l'état 91
    DIV    décalage et aller à l'état 92
    DIVOP  décalage et aller à l'état 93
    MULOP  décalage et aller à l'état 94

    $défaut  réduction par utilisation de la règle 15 (intexpr)


état 142

   22 intfactor: intfactor MOD intterm .

    $défaut  réduction par utilisation de la règle 22 (intfactor)


état 143

   21 intfactor: intfactor DIV intterm .

    $défaut  réduction par utilisation de la règle 21 (intfactor)


état 144

   20 intfactor: intfactor DIVOP intterm .

    $défaut  réduction par utilisation de la règle 20 (intfactor)


état 145

   19 intfactor: intfactor MULOP intterm .

    $défaut  réduction par utilisation de la règle 19 (intfactor)


état 146

   48 reaterm: OPENPAR reaexpr CLOSEPAR .

    $défaut  réduction par utilisation de la règle 48 (reaterm)


état 147

   38 reaexpr: reaexpr . ADDOP reafactor
   39        | reaexpr . MINOP reafactor
   51 reaterm: SQRT OPENPAR reaexpr . CLOSEPAR

    CLOSEPAR  décalage et aller à l'état 184
    MINOP     décalage et aller à l'état 109
    ADDOP     décalage et aller à l'état 110


état 148

   38 reaexpr: reaexpr . ADDOP reafactor
   39        | reaexpr . MINOP reafactor
   59 reaterm: TAN OPENPAR reaexpr . CLOSEPAR

    CLOSEPAR  décalage et aller à l'état 185
    MINOP     décalage et aller à l'état 109
    ADDOP     décalage et aller à l'état 110


état 149

   38 reaexpr: reaexpr . ADDOP reafactor
   39        | reaexpr . MINOP reafactor
   58 reaterm: SIN OPENPAR reaexpr . CLOSEPAR

    CLOSEPAR  décalage et aller à l'état 186
    MINOP     décalage et aller à l'état 109
    ADDOP     décalage et aller à l'état 110


état 150

   38 reaexpr: reaexpr . ADDOP reafactor
   39        | reaexpr . MINOP reafactor
   57 reaterm: COS OPENPAR reaexpr . CLOSEPAR

    CLOSEPAR  décalage et aller à l'état 187
    MINOP     décalage et aller à l'état 109
    ADDOP     décalage et aller à l'état 110


état 151

   38 reaexpr: reaexpr . ADDOP reafactor
   39        | reaexpr . MINOP reafactor
   54 reaterm: LN OPENPAR reaexpr . CLOSEPAR

    CLOSEPAR  décalage et aller à l'état 188
    MINOP     décalage et aller à l'état 109
    ADDOP     décalage et aller à l'état 110


état 152

   38 reaexpr: reaexpr . ADDOP reafactor
   39        | reaexpr . MINOP reafactor
   53 reaterm: LOG OPENPAR reaexpr . CLOSEPAR

    CLOSEPAR  décalage et aller à l'état 189
    MINOP     décalage et aller à l'état 109
    ADDOP     décalage et aller à l'état 110


état 153

   38 reaexpr: reaexpr . ADDOP reafactor
   39        | reaexpr . MINOP reafactor
   52 reaterm: EXP OPENPAR reaexpr . CLOSEPAR

    CLOSEPAR  décalage et aller à l'état 190
    MINOP     décalage et aller à l'état 109
    ADDOP     décalage et aller à l'état 110


état 154

   38 reaexpr: reaexpr . ADDOP reafactor
   39        | reaexpr . MINOP reafactor
   49 reaterm: ABS OPENPAR reaexpr . CLOSEPAR

    CLOSEPAR  décalage et aller à l'état 191
    MINOP     décalage et aller à l'état 109
    ADDOP     décalage et aller à l'état 110


état 155

   38 reaexpr: reaexpr . ADDOP reafactor
   39        | reaexpr . MINOP reafactor
   50 reaterm: POW OPENPAR reaexpr . COMMA reaexpr CLOSEPAR

    COMMA  décalage et aller à l'état 192
    MINOP  décalage et aller à l'état 109
    ADDOP  décalage et aller à l'état 110


état 156

   38 reaexpr: reaexpr . ADDOP reafactor
   39        | reaexpr . MINOP reafactor
   56 reaterm: CEIL OPENPAR reaexpr . CLOSEPAR

    CLOSEPAR  décalage et aller à l'état 193
    MINOP     décalage et aller à l'état 109
    ADDOP     décalage et aller à l'état 110


état 157

   38 reaexpr: reaexpr . ADDOP reafactor
   39        | reaexpr . MINOP reafactor
   55 reaterm: FLOOR OPENPAR reaexpr . CLOSEPAR

    CLOSEPAR  décalage et aller à l'état 194
    MINOP     décalage et aller à l'état 109
    ADDOP     décalage et aller à l'état 110


état 158

   39 reaexpr: reaexpr MINOP reafactor .
   42 reafactor: reafactor . MULOP reaterm
   43          | reafactor . DIVOP reaterm
   44          | reafactor . DIV reaterm
   45          | reafactor . MOD reaterm

    MOD    décalage et aller à l'état 111
    DIV    décalage et aller à l'état 112
    DIVOP  décalage et aller à l'état 113
    MULOP  décalage et aller à l'état 114

    $défaut  réduction par utilisation de la règle 39 (reaexpr)


état 159

   38 reaexpr: reaexpr ADDOP reafactor .
   42 reafactor: reafactor . MULOP reaterm
   43          | reafactor . DIVOP reaterm
   44          | reafactor . DIV reaterm
   45          | reafactor . MOD reaterm

    MOD    décalage et aller à l'état 111
    DIV    décalage et aller à l'état 112
    DIVOP  décalage et aller à l'état 113
    MULOP  décalage et aller à l'état 114

    $défaut  réduction par utilisation de la règle 38 (reaexpr)


état 160

   45 reafactor: reafactor MOD reaterm .

    $défaut  réduction par utilisation de la règle 45 (reafactor)


état 161

   44 reafactor: reafactor DIV reaterm .

    $défaut  réduction par utilisation de la règle 44 (reafactor)


état 162

   43 reafactor: reafactor DIVOP reaterm .

    $défaut  réduction par utilisation de la règle 43 (reafactor)


état 163

   42 reafactor: reafactor MULOP reaterm .

    $défaut  réduction par utilisation de la règle 42 (reafactor)


état 164

   75 booterm: OPENPAR booexpr CLOSEPAR .

    $défaut  réduction par utilisation de la règle 75 (booterm)


état 165

   42 reafactor: reafactor . MULOP reaterm
   43          | reafactor . DIVOP reaterm
   44          | reafactor . DIV reaterm
   45          | reafactor . MOD reaterm
   68 booexpr: reaexpr NE reafactor .

    MOD    décalage et aller à l'état 111
    DIV    décalage et aller à l'état 112
    DIVOP  décalage et aller à l'état 113
    MULOP  décalage et aller à l'état 114

    $défaut  réduction par utilisation de la règle 68 (booexpr)


état 166

   42 reafactor: reafactor . MULOP reaterm
   43          | reafactor . DIVOP reaterm
   44          | reafactor . DIV reaterm
   45          | reafactor . MOD reaterm
   67 booexpr: reaexpr EQ reafactor .

    MOD    décalage et aller à l'état 111
    DIV    décalage et aller à l'état 112
    DIVOP  décalage et aller à l'état 113
    MULOP  décalage et aller à l'état 114

    $défaut  réduction par utilisation de la règle 67 (booexpr)


état 167

   42 reafactor: reafactor . MULOP reaterm
   43          | reafactor . DIVOP reaterm
   44          | reafactor . DIV reaterm
   45          | reafactor . MOD reaterm
   65 booexpr: reaexpr GT reafactor .

    MOD    décalage et aller à l'état 111
    DIV    décalage et aller à l'état 112
    DIVOP  décalage et aller à l'état 113
    MULOP  décalage et aller à l'état 114

    $défaut  réduction par utilisation de la règle 65 (booexpr)


état 168

   42 reafactor: reafactor . MULOP reaterm
   43          | reafactor . DIVOP reaterm
   44          | reafactor . DIV reaterm
   45          | reafactor . MOD reaterm
   66 booexpr: reaexpr LT reafactor .

    MOD    décalage et aller à l'état 111
    DIV    décalage et aller à l'état 112
    DIVOP  décalage et aller à l'état 113
    MULOP  décalage et aller à l'état 114

    $défaut  réduction par utilisation de la règle 66 (booexpr)


état 169

   42 reafactor: reafactor . MULOP reaterm
   43          | reafactor . DIVOP reaterm
   44          | reafactor . DIV reaterm
   45          | reafactor . MOD reaterm
   63 booexpr: reaexpr GE reafactor .

    MOD    décalage et aller à l'état 111
    DIV    décalage et aller à l'état 112
    DIVOP  décalage et aller à l'état 113
    MULOP  décalage et aller à l'état 114

    $défaut  réduction par utilisation de la règle 63 (booexpr)


état 170

   42 reafactor: reafactor . MULOP reaterm
   43          | reafactor . DIVOP reaterm
   44          | reafactor . DIV reaterm
   45          | reafactor . MOD reaterm
   64 booexpr: reaexpr LE reafactor .

    MOD    décalage et aller à l'état 111
    DIV    décalage et aller à l'état 112
    DIVOP  décalage et aller à l'état 113
    MULOP  décalage et aller à l'état 114

    $défaut  réduction par utilisation de la règle 64 (booexpr)


état 171

   70 booexpr: booexpr OR boofactor .

    $défaut  réduction par utilisation de la règle 70 (booexpr)


état 172

   69 booexpr: booexpr AND boofactor .

    $défaut  réduction par utilisation de la règle 69 (booexpr)


état 173

   28 intterm: SQRT OPENPAR intexpr CLOSEPAR .

    $défaut  réduction par utilisation de la règle 28 (intterm)


état 174

   36 intterm: TAN OPENPAR intexpr CLOSEPAR .

    $défaut  réduction par utilisation de la règle 36 (intterm)


état 175

   35 intterm: SIN OPENPAR intexpr CLOSEPAR .

    $défaut  réduction par utilisation de la règle 35 (intterm)


état 176

   34 intterm: COS OPENPAR intexpr CLOSEPAR .

    $défaut  réduction par utilisation de la règle 34 (intterm)


état 177

   31 intterm: LN OPENPAR intexpr CLOSEPAR .

    $défaut  réduction par utilisation de la règle 31 (intterm)


état 178

   30 intterm: LOG OPENPAR intexpr CLOSEPAR .

    $défaut  réduction par utilisation de la règle 30 (intterm)


état 179

   29 intterm: EXP OPENPAR intexpr CLOSEPAR .

    $défaut  réduction par utilisation de la règle 29 (intterm)


état 180

   26 intterm: ABS OPENPAR intexpr CLOSEPAR .

    $défaut  réduction par utilisation de la règle 26 (intterm)


état 181

   27 intterm: POW OPENPAR intexpr COMMA . intexpr CLOSEPAR

    INTEGER   décalage et aller à l'état 21
    INT_TYPE  décalage et aller à l'état 22
    OPENPAR   décalage et aller à l'état 23
    MINOP     décalage et aller à l'état 24
    SQRT      décalage et aller à l'état 25
    TAN       décalage et aller à l'état 26
    SIN       décalage et aller à l'état 27
    COS       décalage et aller à l'état 28
    LN        décalage et aller à l'état 29
    LOG       décalage et aller à l'état 30
    EXP       décalage et aller à l'état 31
    ABS       décalage et aller à l'état 32
    POW       décalage et aller à l'état 33
    CEIL      décalage et aller à l'état 34
    FLOOR     décalage et aller à l'état 35

    intexpr    aller à l'état 195
    intfactor  aller à l'état 37
    intterm    aller à l'état 38


état 182

   33 intterm: CEIL OPENPAR intexpr CLOSEPAR .

    $défaut  réduction par utilisation de la règle 33 (intterm)


état 183

   32 intterm: FLOOR OPENPAR intexpr CLOSEPAR .

    $défaut  réduction par utilisation de la règle 32 (intterm)


état 184

   51 reaterm: SQRT OPENPAR reaexpr CLOSEPAR .

    $défaut  réduction par utilisation de la règle 51 (reaterm)


état 185

   59 reaterm: TAN OPENPAR reaexpr CLOSEPAR .

    $défaut  réduction par utilisation de la règle 59 (reaterm)


état 186

   58 reaterm: SIN OPENPAR reaexpr CLOSEPAR .

    $défaut  réduction par utilisation de la règle 58 (reaterm)


état 187

   57 reaterm: COS OPENPAR reaexpr CLOSEPAR .

    $défaut  réduction par utilisation de la règle 57 (reaterm)


état 188

   54 reaterm: LN OPENPAR reaexpr CLOSEPAR .

    $défaut  réduction par utilisation de la règle 54 (reaterm)


état 189

   53 reaterm: LOG OPENPAR reaexpr CLOSEPAR .

    $défaut  réduction par utilisation de la règle 53 (reaterm)


état 190

   52 reaterm: EXP OPENPAR reaexpr CLOSEPAR .

    $défaut  réduction par utilisation de la règle 52 (reaterm)


état 191

   49 reaterm: ABS OPENPAR reaexpr CLOSEPAR .

    $défaut  réduction par utilisation de la règle 49 (reaterm)


état 192

   50 reaterm: POW OPENPAR reaexpr COMMA . reaexpr CLOSEPAR

    REAL       décalage et aller à l'état 39
    INTEGER    décalage et aller à l'état 40
    REAL_TYPE  décalage et aller à l'état 41
    OPENPAR    décalage et aller à l'état 42
    MINOP      décalage et aller à l'état 43
    SQRT       décalage et aller à l'état 44
    TAN        décalage et aller à l'état 45
    SIN        décalage et aller à l'état 46
    COS        décalage et aller à l'état 47
    LN         décalage et aller à l'état 48
    LOG        décalage et aller à l'état 49
    EXP        décalage et aller à l'état 50
    ABS        décalage et aller à l'état 51
    POW        décalage et aller à l'état 52
    CEIL       décalage et aller à l'état 53
    FLOOR      décalage et aller à l'état 54

    reaexpr    aller à l'état 196
    reafactor  aller à l'état 56
    reaterm    aller à l'état 57
    number     aller à l'état 58


état 193

   56 reaterm: CEIL OPENPAR reaexpr CLOSEPAR .

    $défaut  réduction par utilisation de la règle 56 (reaterm)


état 194

   55 reaterm: FLOOR OPENPAR reaexpr CLOSEPAR .

    $défaut  réduction par utilisation de la règle 55 (reaterm)


état 195

   15 intexpr: intexpr . ADDOP intfactor
   16        | intexpr . MINOP intfactor
   27 intterm: POW OPENPAR intexpr COMMA intexpr . CLOSEPAR

    CLOSEPAR  décalage et aller à l'état 197
    MINOP     décalage et aller à l'état 89
    ADDOP     décalage et aller à l'état 90


état 196

   38 reaexpr: reaexpr . ADDOP reafactor
   39        | reaexpr . MINOP reafactor
   50 reaterm: POW OPENPAR reaexpr COMMA reaexpr . CLOSEPAR

    CLOSEPAR  décalage et aller à l'état 198
    MINOP     décalage et aller à l'état 109
    ADDOP     décalage et aller à l'état 110


état 197

   27 intterm: POW OPENPAR intexpr COMMA intexpr CLOSEPAR .

    $défaut  réduction par utilisation de la règle 27 (intterm)


état 198

   50 reaterm: POW OPENPAR reaexpr COMMA reaexpr CLOSEPAR .

    $défaut  réduction par utilisation de la règle 50 (reaterm)
